<?xml version="1.0" encoding="UTF-8"?>
<!-- Generated by org.testng.reporters.JUnitReportReporter -->
<testsuite hostname="LAPTOP-5M6A98T7" name="testNGFrameworkAdvanceTopics.ParallelExecution" tests="2" failures="0" timestamp="25 Feb 2019 12:53:35 GMT" time="24.162" errors="0">
  <testcase name="test" time="13.524" classname="testNGFrameworkAdvanceTopics.ParallelExecution"/>
  <testcase name="test" time="10.638" classname="testNGFrameworkAdvanceTopics.ParallelExecution"/>
</testsuite> <!-- testNGFrameworkAdvanceTopics.ParallelExecution -->
