<?xml version="1.0" encoding="UTF-8"?>
<!-- Generated by org.testng.reporters.JUnitReportReporter -->
<testsuite hostname="LAPTOP-5M6A98T7" name="testNGFramework.RegressionTest" tests="3" failures="0" timestamp="24 Feb 2019 10:48:33 GMT" time="14.338" errors="0">
  <testcase name="closeApp" time="0.307" classname="testNGFramework.RegressionTest"/>
  <testcase name="startApp" time="11.757" classname="testNGFramework.RegressionTest"/>
  <testcase name="loginApp" time="2.274" classname="testNGFramework.RegressionTest"/>
</testsuite> <!-- testNGFramework.RegressionTest -->
