<?xml version="1.0" encoding="UTF-8"?>
<!-- Generated by org.testng.reporters.JUnitReportReporter -->
<testsuite hostname="LAPTOP-5M6A98T7" name="class10.SikuliDemo2" tests="1" failures="0" timestamp="25 Feb 2019 07:01:03 GMT" time="8.062" errors="0">
  <testcase name="startApp" time="8.062" classname="class10.SikuliDemo2"/>
</testsuite> <!-- class10.SikuliDemo2 -->
