<?xml version="1.0" encoding="UTF-8"?>
<!-- Generated by org.testng.reporters.JUnitReportReporter -->
<testsuite hostname="LAPTOP-5M6A98T7" name="testNGFramework.TestNgDemo1" tests="3" failures="0" timestamp="23 Feb 2019 07:01:16 GMT" time="0.010" errors="0">
  <testcase name="test1" time="0.009" classname="testNGFramework.TestNgDemo1"/>
  <testcase name="test2" time="0.000" classname="testNGFramework.TestNgDemo1"/>
  <testcase name="test3" time="0.001" classname="testNGFramework.TestNgDemo1"/>
</testsuite> <!-- testNGFramework.TestNgDemo1 -->
