<?xml version="1.0" encoding="UTF-8"?>
<!-- Generated by org.testng.reporters.JUnitReportReporter -->
<testsuite hostname="LAPTOP-5M6A98T7" name="testNGFramework.TestNgDemo2" tests="4" failures="0" timestamp="24 Feb 2019 07:00:20 GMT" time="0.016" errors="0">
  <testcase name="createContact" time="0.016" classname="testNGFramework.TestNgDemo2"/>
  <testcase name="logOut" time="0.000" classname="testNGFramework.TestNgDemo2"/>
  <testcase name="loginToApp" time="0.000" classname="testNGFramework.TestNgDemo2"/>
  <testcase name="startApp" time="0.000" classname="testNGFramework.TestNgDemo2"/>
</testsuite> <!-- testNGFramework.TestNgDemo2 -->
