<?xml version="1.0" encoding="UTF-8"?>
<!-- Generated by org.testng.reporters.JUnitReportReporter -->
<testsuite hostname="LAPTOP-5M6A98T7" name="testNGFrameworkAdvanceTopics.ParametersDemo1" tests="1" failures="0" timestamp="25 Feb 2019 07:23:13 GMT" time="0.000" errors="0">
  <testcase name="test" time="0.000" classname="testNGFrameworkAdvanceTopics.ParametersDemo1"/>
</testsuite> <!-- testNGFrameworkAdvanceTopics.ParametersDemo1 -->
