<?xml version="1.0" encoding="UTF-8"?>
<!-- Generated by org.testng.reporters.JUnitReportReporter -->
<testsuite hostname="LAPTOP-5M6A98T7" name="testNGFrameworkAdvanceTopics.ParametersDemo4" tests="2" failures="0" timestamp="25 Feb 2019 11:37:00 GMT" time="29.005" errors="0">
  <testcase name="test" time="11.159" classname="testNGFrameworkAdvanceTopics.ParametersDemo4"/>
  <testcase name="test" time="17.846" classname="testNGFrameworkAdvanceTopics.ParametersDemo4"/>
</testsuite> <!-- testNGFrameworkAdvanceTopics.ParametersDemo4 -->
