<?xml version="1.0" encoding="UTF-8"?>
<!-- Generated by org.testng.reporters.JUnitReportReporter -->
<testsuite hostname="LAPTOP-5M6A98T7" name="testNGFramework.RegressionTest2" tests="1" failures="0" timestamp="24 Feb 2019 11:25:52 GMT" time="9.961" errors="0">
  <testcase name="login" time="9.961" classname="testNGFramework.RegressionTest2"/>
</testsuite> <!-- testNGFramework.RegressionTest2 -->
